[05:18:44.317] | 명령 송신 | 카드 읽기
[05:18:45.167] |  카드 읽기 결과 (+) |
                  - SAM 정보 | SAM Type:[E], 잔액:[9217000]
                  - 카드타입: 캐시비
                  - 카드번호: 1040131003185150
                  - 카드잔액: 1000
[05:18:45.167] |  카드 읽기 결과 (-) |
[05:18:45.167] //////////////////////////////////////////////////////////////////////////
[05:18:49.329] //---- [ 선불 카드 보충 거래 시작 ] -----------------------------------//
[05:18:49.329] | 거래 전 기기내 재고 금액 | 총재고: 0, 0, 0, 6 / 5, 0, 5, 0
                  - 동전함     10원 수량:0
                  - 동전함     50원 수량:0
                  - 동전함    100원 수량:0
                  - 동전함    500원 수량:6
                  - 지폐함   1000원 수량:5
                  - 지폐함   5000원 수량:0
                  - 지폐함  10000원 수량:5
                  - 지폐함  50000원 수량:0
                  - 카드 타입: E
                  - 카드 번호: 1040131003185150
                  - 카드 잔액: 1000
                  - 보충 금액: 1000
[05:18:49.366] | 명령 송신 | 셧터 열기
[05:18:49.701] | 명령 수신 | 지폐처리장치, 셧터 열기 결과: 1
[05:18:53.578] | 지폐 투입 | 투입 금액: 1000(원), (1000원: 1, 5000원: 0, 10000원: 0, 50000원: 0)
[05:18:53.593] | 투입 완료 | 고객 투입 금액: 1000(원), 보충 금액: 1000(원)
[05:18:53.593] | 명령 송신 | 셧터 닫기
[05:18:54.015] | 셧터 닫기 | 지폐처리장치, 수행 결과: [1], 최종 투입 현황(1,000원: 1, 5,000원: 0, 10,000원: 0, 50,000원: 0)
[05:18:54.015] | 셧터 닫기 | 최종 투입 금액: 1000(원)
[05:18:54.031] | 명령 송신 | 카드 보충
                  - 선불카드 정상 보충 완료!
[05:18:55.111] | DB 저장 | 거래 데이터를 Database에 저장
[05:18:55.512] | 명령 송신 | 투입 금액을 금액 보관함으로 입수 명령
[05:18:59.406] | DB 저장 | 거래 데이터를 Database에 저장
                  - 보충    결과: 1
                  - 카드    타입: 2
                  - 카드    번호: 1040131003185150
                  - 보충    금액: 1000
                  - 보충 후 잔액: 2000
                  - 보충 전 잔액: 1000
                  - 미지급  금액: 0
                  - 투입    금액: 1000
                  - 거스름  금액: 0
[05:18:59.593] | 거래 후 기기내 재고 금액 | 총재고: 0, 0, 0, 6 / 6, 0, 5, 0
                  - 동전함     10원 수량:0
                  - 동전함     50원 수량:0
                  - 동전함    100원 수량:0
                  - 동전함    500원 수량:6
                  - 지폐함   1000원 수량:6
                  - 지폐함   5000원 수량:0
                  - 지폐함  10000원 수량:5
                  - 지폐함  50000원 수량:0
[05:18:59.593] //////////////////////////////////////////////////////////////////////////
[05:27:59.671] | 명령 송신 | 카드 읽기
[05:28:14.487] | 명령 송신 | 카드 읽기
[05:28:30.627] | 명령 송신 | 카드 읽기
[08:42:51.307] //---- [ 카드 판매 거래 시작 ] ----------------------------------------//
[08:42:51.307] | 거래 전 기기내 재고 금액 | 총재고: 0, 0, 0, 6 / 6, 0, 5, 0
                  - 동전함     10원 수량:0
                  - 동전함     50원 수량:0
                  - 동전함    100원 수량:0
                  - 동전함    500원 수량:6
                  - 지폐함   1000원 수량:6
                  - 지폐함   5000원 수량:0
                  - 지폐함  10000원 수량:5
                  - 지폐함  50000원 수량:0
[08:42:51.307] | 발매 정보 | 카드 총 판매 예정 수량 : 1(장), 카드 총 판매 예정 금액 : 2000(원)
                  - 일 반 용 카드 발매 수량 : 1
                  - 일 반 용 카드 판매 금액 : 2000
[08:42:51.333] | 명령 송신 | 셧터 열기
[08:42:51.933] | 명령 수신 | 지폐처리장치, 셧터 열기 결과: 1
[08:43:00.148] | 지폐 투입 | 투입 금액: 1000(원), (1000원: 1, 5000원: 0, 10000원: 0, 50000원: 0)
[08:43:00.148] | 투입 완료 | 고객 투입 금액: 1000(원), 카드 판매 금액: 2000(원), 거스름 금액:-1000(원)
[08:43:00.164] | 명령 송신 | 지폐처리장치, AUTHORIZED
[08:43:06.553] | 지폐 투입 | 투입 금액: 2000(원), (1000원: 2, 5000원: 0, 10000원: 0, 50000원: 0)
[08:43:06.569] | 투입 완료 | 고객 투입 금액: 2000(원), 카드 판매 금액: 2000(원), 거스름 금액:0(원)
[08:43:06.569] | 명령 송신 | 셧터 닫기
[08:43:06.944] | 셧터 닫기 | 지폐처리장치, 수행 결과: [0], 최종 투입 현황(1,000원: 2, 5,000원: 0, 10,000원: 0, 50,000원: 0)
[08:43:06.944] | 셧터 닫기 | 최종 투입 금액: 2000(원)
                  - 카드타입: 일반용, 방출 예정 매수: 1, 방출 매수: 1, 방출 실패 매수: 0, 판매 금액: 2000
[08:43:09.241] | 카드 판매 결과 | 발매 정상
[08:43:09.241] | 명령 송신 | 투입 금액을 금액 보관함으로 입수 명령
[08:43:13.130] | DB 저장 | 거래 데이터를 Database에 저장
[08:43:13.271] | 카드 판매 거래 결과 |
                  - 카드 판매 거래 결과: 1
                  - 카드 판매 총 요금: 2000(원)
                  - 카드 판매 총 수량: 1(매)
                  - 카드 미 발매 수량: 0(매)
                  - 승객 투입 금액: 2000(원)
                  - 거스름 금액: 0(원)
                  - 미지급 금액: 0(원)
[08:43:13.287] | 거래 후 기기내 재고 금액 | 총재고: 0, 0, 0, 6 / 8, 0, 5, 0
                  - 동전함     10원 수량:0
                  - 동전함     50원 수량:0
                  - 동전함    100원 수량:0
                  - 동전함    500원 수량:6
                  - 지폐함   1000원 수량:8
                  - 지폐함   5000원 수량:0
                  - 지폐함  10000원 수량:5
                  - 지폐함  50000원 수량:0
[08:43:13.287] //////////////////////////////////////////////////////////////////////////
[08:43:30.153] | 명령 송신 | 카드 읽기
[08:43:43.343] | 명령 송신 | 카드 읽기
[08:44:03.993] | 명령 송신 | 카드 읽기
[08:53:09.165] | 명령 송신 | 카드 읽기
[08:53:20.158] | 명령 송신 | 카드 읽기
[08:53:39.187] | 명령 송신 | 카드 읽기
[08:55:50.739] | 명령 송신 | 카드 읽기
[08:56:04.990] | 명령 송신 | 카드 읽기
[08:56:22.782] | 명령 송신 | 카드 읽기
[09:03:51.805] //---- [ 카드 판매 거래 시작 ] ----------------------------------------//
[09:03:51.815] | 거래 전 기기내 재고 금액 | 총재고: 0, 0, 0, 6 / 8, 0, 5, 0
                  - 동전함     10원 수량:0
                  - 동전함     50원 수량:0
                  - 동전함    100원 수량:0
                  - 동전함    500원 수량:6
                  - 지폐함   1000원 수량:8
                  - 지폐함   5000원 수량:0
                  - 지폐함  10000원 수량:5
                  - 지폐함  50000원 수량:0
[09:03:51.815] | 발매 정보 | 카드 총 판매 예정 수량 : 1(장), 카드 총 판매 예정 금액 : 2000(원)
                  - 일 반 용 카드 발매 수량 : 1
                  - 일 반 용 카드 판매 금액 : 2000
[09:03:51.855] | 명령 송신 | 셧터 열기
[09:03:52.158] | 명령 수신 | 지폐처리장치, 셧터 열기 결과: 1
[09:04:01.725] | 지폐 투입 | 투입 금액: 10000(원), (1000원: 0, 5000원: 0, 10000원: 1, 50000원: 0)
[09:04:01.740] | 투입 완료 | 고객 투입 금액: 10000(원), 카드 판매 금액: 2000(원), 거스름 금액:8000(원)
[09:04:01.740] | 거래 취소 | 투입 금액(10000 원) > 판매 금액 (2000 원)
[09:04:01.740] | 명령 송신 | 지폐 처리 장치, 취소 명령
[09:04:03.349] | 명령 수신 | 지폐처리장치 취소 수행 결과:[1]
[09:04:03.349] | 거래 취소 금액 | 투입금: [10000], 취소금: [10000]
[09:04:03.381] | 거래 취소 금액 비교 | (지폐), 투입금: [10000] == 취소금: [10000], 정상
[09:04:03.381] | 거래 취소 금액 비교 | (동전), 투입금: [0] == 취소금: [0], 정상
[09:04:03.381] | 거래 취소 | 정상 거래 취소 완료
[09:04:03.381] | 카드 판매 거래 결과 |
                  - 카드 판매 거래 결과: 2
                  - 카드 판매 총 요금: 2000(원)
                  - 카드 판매 총 수량: 0(매)
                  - 카드 미 발매 수량: 0(매)
                  - 승객 투입 금액: 10000(원)
                  - 거스름 금액: 10000(원)
                  - 미지급 금액: 0(원)
[09:04:03.474] | 거래 후 기기내 재고 금액 | 총재고: 0, 0, 0, 6 / 8, 0, 5, 0
                  - 동전함     10원 수량:0
                  - 동전함     50원 수량:0
                  - 동전함    100원 수량:0
                  - 동전함    500원 수량:6
                  - 지폐함   1000원 수량:8
                  - 지폐함   5000원 수량:0
                  - 지폐함  10000원 수량:5
                  - 지폐함  50000원 수량:0
[09:04:03.474] //////////////////////////////////////////////////////////////////////////
[09:07:59.635] | 명령 송신 | 카드 읽기
[09:09:54.931] | 명령 송신 | 카드 읽기
[09:10:07.903] | 명령 송신 | 카드 읽기
[11:57:30.313] |  카드 읽기 결과 (+) |
                  - SAM 정보 | SAM Type:[H], 잔액:[13548000]
                  - 카드타입: 하나로
                  - 카드번호:       0275734765
                  - 카드잔액: 0
[11:57:30.313] |  카드 읽기 결과 (-) |
[11:57:30.313] //////////////////////////////////////////////////////////////////////////
[11:57:38.460] | 명령 송신 | 카드 읽기
[11:57:39.551] |  카드 읽기 결과 (+) |
                  - SAM 정보 | SAM Type:[H], 잔액:[13548000]
                  - 카드타입: 하나로
                  - 카드번호:       0275734765
                  - 카드잔액: 0
[11:57:39.552] |  카드 읽기 결과 (-) |
[11:57:39.552] //////////////////////////////////////////////////////////////////////////
[11:59:22.710] | 명령 송신 | 카드 읽기
[11:59:23.454] |  카드 읽기 결과 (+) |
                  - SAM 정보 | SAM Type:[E], 잔액:[9216000]
                  - 카드타입: 캐시비
                  - 카드번호: 1040009900331477
                  - 카드잔액: 700
[11:59:23.454] |  카드 읽기 결과 (-) |
[11:59:23.454] //////////////////////////////////////////////////////////////////////////
[11:59:26.226] //---- [ 선불 카드 보충 거래 시작 ] -----------------------------------//
[11:59:26.226] | 거래 전 기기내 재고 금액 | 총재고: 0, 0, 0, 6 / 5, 0, 5, 0
                  - 동전함     10원 수량:0
                  - 동전함     50원 수량:0
                  - 동전함    100원 수량:0
                  - 동전함    500원 수량:6
                  - 지폐함   1000원 수량:5
                  - 지폐함   5000원 수량:0
                  - 지폐함  10000원 수량:5
                  - 지폐함  50000원 수량:0
                  - 카드 타입: E
                  - 카드 번호: 1040009900331477
                  - 카드 잔액: 700
                  - 보충 금액: 10000
[11:59:26.247] | 명령 송신 | 셧터 열기
[11:59:26.988] | 명령 수신 | 동전처리장치, 셧터 열기 결과: 1
[11:59:27.091] | 명령 수신 | 지폐처리장치, 셧터 열기 결과: 1
[11:59:30.538] | 지폐 투입 | 투입 금액: 10000(원), (1000원: 0, 5000원: 0, 10000원: 1, 50000원: 0)
[11:59:30.554] | 투입 완료 | 고객 투입 금액: 10000(원), 보충 금액: 10000(원)
[11:59:30.554] | 명령 송신 | 셧터 닫기
[11:59:30.554] | 명령 송신 | 셧터 닫기
[11:59:31.538] | 셧터 닫기 | 지폐처리장치, 수행 결과: [1], 최종 투입 현황(1,000원: 0, 5,000원: 0, 10,000원: 1, 50,000원: 0)
[11:59:31.757] | 셧터 닫기 | 동전처리장치, 수행 결과: [1], 최종 투입 현황 (10원: 0, 50원: 0, 100원: 0, 500원: 0)
[11:59:31.757] | 셧터 닫기 | 최종 투입 금액: 10000(원)
[11:59:31.772] | 명령 송신 | 카드 보충
                  - 선불카드 정상 보충 완료!
[11:59:32.666] | DB 저장 | 거래 데이터를 Database에 저장
[11:59:33.147] | 명령 송신 | 투입 금액을 금액 보관함으로 입수 명령
[11:59:36.613] | DB 저장 | 거래 데이터를 Database에 저장
                  - 보충    결과: 1
                  - 카드    타입: 2
                  - 카드    번호: 1040009900331477
                  - 보충    금액: 10000
                  - 보충 후 잔액: 10600
                  - 보충 전 잔액: 700
                  - 미지급  금액: 0
                  - 투입    금액: 10000
                  - 거스름  금액: 0
[11:59:36.816] | 거래 후 기기내 재고 금액 | 총재고: 0, 0, 0, 6 / 5, 0, 6, 0
                  - 동전함     10원 수량:0
                  - 동전함     50원 수량:0
                  - 동전함    100원 수량:0
                  - 동전함    500원 수량:6
                  - 지폐함   1000원 수량:5
                  - 지폐함   5000원 수량:0
                  - 지폐함  10000원 수량:6
                  - 지폐함  50000원 수량:0
[11:59:36.816] //////////////////////////////////////////////////////////////////////////
[12:02:20.993] | 명령 송신 | 카드 읽기
[12:02:21.538] |  카드 읽기 결과 (+) |
                  - SAM 정보 | SAM Type:[E], 잔액:[9206000]
                  - 카드타입: 캐시비
                  - 카드번호: 1040131003427011
                  - 카드잔액: 1020
[12:02:21.539] |  카드 읽기 결과 (-) |
[12:02:21.539] //////////////////////////////////////////////////////////////////////////
[12:02:27.355] //---- [ 선불 카드 보충 거래 시작 ] -----------------------------------//
[12:02:27.355] | 거래 전 기기내 재고 금액 | 총재고: 0, 0, 0, 6 / 5, 0, 6, 0
                  - 동전함     10원 수량:0
                  - 동전함     50원 수량:0
                  - 동전함    100원 수량:0
                  - 동전함    500원 수량:6
                  - 지폐함   1000원 수량:5
                  - 지폐함   5000원 수량:0
                  - 지폐함  10000원 수량:6
                  - 지폐함  50000원 수량:0
                  - 카드 타입: E
                  - 카드 번호: 1040131003427011
                  - 카드 잔액: 1020
                  - 보충 금액: 10000
[12:02:27.372] | 명령 송신 | 셧터 열기
[12:02:27.893] | 명령 수신 | 지폐처리장치, 셧터 열기 결과: 0
[12:02:28.124] | 명령 수신 | 동전처리장치, 셧터 열기 결과: 1
[12:02:34.948] | 지폐 투입 | 투입 금액: 5000(원), (1000원: 0, 5000원: 1, 10000원: 0, 50000원: 0)
[12:02:34.963] | 명령 송신 | 지폐처리장치, AUTHORIZED
[12:02:38.275] | 지폐 투입 | 투입 금액: 10000(원), (1000원: 0, 5000원: 2, 10000원: 0, 50000원: 0)
[12:02:38.291] | 투입 완료 | 고객 투입 금액: 10000(원), 보충 금액: 10000(원)
[12:02:38.291] | 명령 송신 | 셧터 닫기
[12:02:38.291] | 명령 송신 | 셧터 닫기
[12:02:39.212] | 셧터 닫기 | 동전처리장치, 수행 결과: [1], 최종 투입 현황 (10원: 0, 50원: 0, 100원: 0, 500원: 0)
[12:02:39.322] | 셧터 닫기 | 지폐처리장치, 수행 결과: [1], 최종 투입 현황(1,000원: 0, 5,000원: 2, 10,000원: 0, 50,000원: 0)
[12:02:39.322] | 셧터 닫기 | 최종 투입 금액: 10000(원)
[12:02:39.322] | 명령 송신 | 카드 보충
                  - 선불카드 정상 보충 완료!
[12:02:40.682] | DB 저장 | 거래 데이터를 Database에 저장
[12:02:41.095] | 명령 송신 | 투입 금액을 금액 보관함으로 입수 명령
[12:02:44.600] | DB 저장 | 거래 데이터를 Database에 저장
                  - 보충    결과: 1
                  - 카드    타입: 2
                  - 카드    번호: 1040131003427011
                  - 보충    금액: 10000
                  - 보충 후 잔액: 11020
                  - 보충 전 잔액: 1020
                  - 미지급  금액: 0
                  - 투입    금액: 10000
                  - 거스름  금액: 0
[12:02:44.771] | 거래 후 기기내 재고 금액 | 총재고: 0, 0, 0, 6 / 5, 2, 6, 0
                  - 동전함     10원 수량:0
                  - 동전함     50원 수량:0
                  - 동전함    100원 수량:0
                  - 동전함    500원 수량:6
                  - 지폐함   1000원 수량:5
                  - 지폐함   5000원 수량:2
                  - 지폐함  10000원 수량:6
                  - 지폐함  50000원 수량:0
[12:02:44.771] //////////////////////////////////////////////////////////////////////////
[12:02:46.575] | 명령 송신 | 카드 읽기
[12:02:52.046] |  카드 읽기 결과 (+) |
[12:02:52.046] | 카드 읽기 결과 | 카드 읽기 실패
[12:02:52.046] | 카드 오류 | 카드 읽기 실패
[12:02:52.046] |  카드 읽기 결과 (-) |
[12:02:52.046] //////////////////////////////////////////////////////////////////////////

